## ComfyUI-Manager: installing dependencies done.
[2024-05-29 10:54] ** ComfyUI startup time: 2024-05-29 10:54:58.004962
[2024-05-29 10:54] ** Platform: Windows
[2024-05-29 10:54] ** Python version: 3.9.18 (main, Sep 11 2023, 14:09:26) [MSC v.1916 64 bit (AMD64)]
[2024-05-29 10:54] ** Python executable: C:\Users\liuwei\AppData\Local\anaconda3\envs\tobaigc\python.exe
[2024-05-29 10:54] ** Log path: F:\ComfyUI\comfyui.log
[2024-05-29 10:54] 
Prestartup times for custom nodes:
[2024-05-29 10:54]    0.4 seconds: F:\ComfyUI\custom_nodes\ComfyUI-Manager
[2024-05-29 10:54] 
Total VRAM 10240 MB, total RAM 65418 MB
[2024-05-29 10:55] Set vram state to: NORMAL_VRAM
[2024-05-29 10:55] Device: cuda:0 NVIDIA GeForce RTX 3080 : cudaMallocAsync
[2024-05-29 10:55] VAE dtype: torch.bfloat16
[2024-05-29 10:55] Using pytorch cross attention
[2024-05-29 10:55] Error:
[WinError 1314] å®¢æˆ·ç«¯æ²¡æœ‰æ‰€éœ€çš„ç‰¹æƒã€‚: 'F:\\ComfyUI\\custom_nodes\\ComfyLiterals\\js' -> 'F:\\ComfyUI\\web\\extensions\\ComfyLiterals'
Failed to create symlink to F:\ComfyUI\web\extensions\ComfyLiterals. Please copy the folder manually.
Source: F:\ComfyUI\custom_nodes\ComfyLiterals\js
Target: F:\ComfyUI\web\extensions\ComfyLiterals
[2024-05-29 10:55] [AnimateDiff] - [0;31mERROR[0m - No models available. Please download one and put it in models folder
[2024-05-29 10:55] C:\Users\liuwei\AppData\Local\anaconda3\envs\tobaigc\lib\site-packages\diffusers\models\unet_2d_blocks.py:249: FutureWarning: `AutoencoderTinyBlock` is deprecated and will be removed in version 0.29. Importing `AutoencoderTinyBlock` from `diffusers.models.unet_2d_blocks` is deprecated and this will be removed in a future version. Please use `from diffusers.models.unets.unet_2d_blocks import AutoencoderTinyBlock`, instead.
  deprecate("AutoencoderTinyBlock", "0.29", deprecation_message)
[2024-05-29 10:55] C:\Users\liuwei\AppData\Local\anaconda3\envs\tobaigc\lib\site-packages\diffusers\models\unet_2d_blocks.py:254: FutureWarning: `UNetMidBlock2D` is deprecated and will be removed in version 0.29. Importing `UNetMidBlock2D` from `diffusers.models.unet_2d_blocks` is deprecated and this will be removed in a future version. Please use `from diffusers.models.unets.unet_2d_blocks import UNetMidBlock2D`, instead.
  deprecate("UNetMidBlock2D", "0.29", deprecation_message)
[2024-05-29 10:55] C:\Users\liuwei\AppData\Local\anaconda3\envs\tobaigc\lib\site-packages\diffusers\models\unet_2d_blocks.py:259: FutureWarning: `UNetMidBlock2DCrossAttn` is deprecated and will be removed in version 0.29. Importing `UNetMidBlock2DCrossAttn` from `diffusers.models.unet_2d_blocks` is deprecated and this will be removed in a future version. Please use `from diffusers.models.unets.unet_2d_blocks import UNetMidBlock2DCrossAttn`, instead.
  deprecate("UNetMidBlock2DCrossAttn", "0.29", deprecation_message)
[2024-05-29 10:55] C:\Users\liuwei\AppData\Local\anaconda3\envs\tobaigc\lib\site-packages\diffusers\models\unet_2d_blocks.py:264: FutureWarning: `UNetMidBlock2DSimpleCrossAttn` is deprecated and will be removed in version 0.29. Importing `UNetMidBlock2DSimpleCrossAttn` from `diffusers.models.unet_2d_blocks` is deprecated and this will be removed in a future version. Please use `from diffusers.models.unets.unet_2d_blocks import UNetMidBlock2DSimpleCrossAttn`, instead.
  deprecate("UNetMidBlock2DSimpleCrossAttn", "0.29", deprecation_message)
[2024-05-29 10:55] C:\Users\liuwei\AppData\Local\anaconda3\envs\tobaigc\lib\site-packages\diffusers\models\unet_2d_blocks.py:269: FutureWarning: `AttnDownBlock2D` is deprecated and will be removed in version 0.29. Importing `AttnDownBlock2D` from `diffusers.models.unet_2d_blocks` is deprecated and this will be removed in a future version. Please use `from diffusers.models.unets.unet_2d_blocks import AttnDownBlock2D`, instead.
  deprecate("AttnDownBlock2D", "0.29", deprecation_message)
[2024-05-29 10:55] C:\Users\liuwei\AppData\Local\anaconda3\envs\tobaigc\lib\site-packages\diffusers\models\unet_2d_blocks.py:274: FutureWarning: `CrossAttnDownBlock2D` is deprecated and will be removed in version 0.29. Importing `AttnDownBlock2D` from `diffusers.models.unet_2d_blocks` is deprecated and this will be removed in a future version. Please use `from diffusers.models.unets.unet_2d_blocks import CrossAttnDownBlock2D`, instead.
  deprecate("CrossAttnDownBlock2D", "0.29", deprecation_message)
[2024-05-29 10:55] C:\Users\liuwei\AppData\Local\anaconda3\envs\tobaigc\lib\site-packages\diffusers\models\unet_2d_blocks.py:279: FutureWarning: `DownBlock2D` is deprecated and will be removed in version 0.29. Importing `DownBlock2D` from `diffusers.models.unet_2d_blocks` is deprecated and this will be removed in a future version. Please use `from diffusers.models.unets.unet_2d_blocks import DownBlock2D`, instead.
  deprecate("DownBlock2D", "0.29", deprecation_message)
[2024-05-29 10:55] C:\Users\liuwei\AppData\Local\anaconda3\envs\tobaigc\lib\site-packages\diffusers\models\unet_2d_blocks.py:284: FutureWarning: `AttnDownEncoderBlock2D` is deprecated and will be removed in version 0.29. Importing `AttnDownEncoderBlock2D` from `diffusers.models.unet_2d_blocks` is deprecated and this will be removed in a future version. Please use `from diffusers.models.unets.unet_2d_blocks import AttnDownEncoderBlock2D`, instead.
  deprecate("AttnDownEncoderBlock2D", "0.29", deprecation_message)
[2024-05-29 10:55] C:\Users\liuwei\AppData\Local\anaconda3\envs\tobaigc\lib\site-packages\diffusers\models\unet_2d_blocks.py:289: FutureWarning: `AttnSkipDownBlock2D` is deprecated and will be removed in version 0.29. Importing `AttnSkipDownBlock2D` from `diffusers.models.unet_2d_blocks` is deprecated and this will be removed in a future version. Please use `from diffusers.models.unets.unet_2d_blocks import AttnSkipDownBlock2D`, instead.
  deprecate("AttnSkipDownBlock2D", "0.29", deprecation_message)
[2024-05-29 10:55] C:\Users\liuwei\AppData\Local\anaconda3\envs\tobaigc\lib\site-packages\diffusers\models\unet_2d_blocks.py:294: FutureWarning: `SkipDownBlock2D` is deprecated and will be removed in version 0.29. Importing `SkipDownBlock2D` from `diffusers.models.unet_2d_blocks` is deprecated and this will be removed in a future version. Please use `from diffusers.models.unets.unet_2d_blocks import SkipDownBlock2D`, instead.
  deprecate("SkipDownBlock2D", "0.29", deprecation_message)
[2024-05-29 10:55] C:\Users\liuwei\AppData\Local\anaconda3\envs\tobaigc\lib\site-packages\diffusers\models\unet_2d_blocks.py:299: FutureWarning: `ResnetDownsampleBlock2D` is deprecated and will be removed in version 0.29. Importing `ResnetDownsampleBlock2D` from `diffusers.models.unet_2d_blocks` is deprecated and this will be removed in a future version. Please use `from diffusers.models.unets.unet_2d_blocks import ResnetDownsampleBlock2D`, instead.
  deprecate("ResnetDownsampleBlock2D", "0.29", deprecation_message)
[2024-05-29 10:55] C:\Users\liuwei\AppData\Local\anaconda3\envs\tobaigc\lib\site-packages\diffusers\models\unet_2d_blocks.py:304: FutureWarning: `SimpleCrossAttnDownBlock2D` is deprecated and will be removed in version 0.29. Importing `SimpleCrossAttnDownBlock2D` from `diffusers.models.unet_2d_blocks` is deprecated and this will be removed in a future version. Please use `from diffusers.models.unets.unet_2d_blocks import SimpleCrossAttnDownBlock2D`, instead.
  deprecate("SimpleCrossAttnDownBlock2D", "0.29", deprecation_message)
[2024-05-29 10:55] C:\Users\liuwei\AppData\Local\anaconda3\envs\tobaigc\lib\site-packages\diffusers\models\unet_2d_blocks.py:309: FutureWarning: `KDownBlock2D` is deprecated and will be removed in version 0.29. Importing `KDownBlock2D` from `diffusers.models.unet_2d_blocks` is deprecated and this will be removed in a future version. Please use `from diffusers.models.unets.unet_2d_blocks import KDownBlock2D`, instead.
  deprecate("KDownBlock2D", "0.29", deprecation_message)
[2024-05-29 10:55] C:\Users\liuwei\AppData\Local\anaconda3\envs\tobaigc\lib\site-packages\diffusers\models\unet_2d_blocks.py:314: FutureWarning: `KCrossAttnDownBlock2D` is deprecated and will be removed in version 0.29. Importing `KCrossAttnDownBlock2D` from `diffusers.models.unet_2d_blocks` is deprecated and this will be removed in a future version. Please use `from diffusers.models.unets.unet_2d_blocks import KCrossAttnDownBlock2D`, instead.
  deprecate("KCrossAttnDownBlock2D", "0.29", deprecation_message)
[2024-05-29 10:55] C:\Users\liuwei\AppData\Local\anaconda3\envs\tobaigc\lib\site-packages\diffusers\models\unet_2d_blocks.py:319: FutureWarning: `AttnUpBlock2D` is deprecated and will be removed in version 0.29. Importing `AttnUpBlock2D` from `diffusers.models.unet_2d_blocks` is deprecated and this will be removed in a future version. Please use `from diffusers.models.unets.unet_2d_blocks import AttnUpBlock2D`, instead.
  deprecate("AttnUpBlock2D", "0.29", deprecation_message)
[2024-05-29 10:55] C:\Users\liuwei\AppData\Local\anaconda3\envs\tobaigc\lib\site-packages\diffusers\models\unet_2d_blocks.py:324: FutureWarning: `CrossAttnUpBlock2D` is deprecated and will be removed in version 0.29. Importing `CrossAttnUpBlock2D` from `diffusers.models.unet_2d_blocks` is deprecated and this will be removed in a future version. Please use `from diffusers.models.unets.unet_2d_blocks import CrossAttnUpBlock2D`, instead.
  deprecate("CrossAttnUpBlock2D", "0.29", deprecation_message)
[2024-05-29 10:55] C:\Users\liuwei\AppData\Local\anaconda3\envs\tobaigc\lib\site-packages\diffusers\models\unet_2d_blocks.py:329: FutureWarning: `UpBlock2D` is deprecated and will be removed in version 0.29. Importing `UpBlock2D` from `diffusers.models.unet_2d_blocks` is deprecated and this will be removed in a future version. Please use `from diffusers.models.unets.unet_2d_blocks import UpBlock2D`, instead.
  deprecate("UpBlock2D", "0.29", deprecation_message)
[2024-05-29 10:55] C:\Users\liuwei\AppData\Local\anaconda3\envs\tobaigc\lib\site-packages\diffusers\models\unet_2d_blocks.py:334: FutureWarning: `UpDecoderBlock2D` is deprecated and will be removed in version 0.29. Importing `UpDecoderBlock2D` from `diffusers.models.unet_2d_blocks` is deprecated and this will be removed in a future version. Please use `from diffusers.models.unets.unet_2d_blocks import UpDecoderBlock2D`, instead.
  deprecate("UpDecoderBlock2D", "0.29", deprecation_message)
[2024-05-29 10:55] C:\Users\liuwei\AppData\Local\anaconda3\envs\tobaigc\lib\site-packages\diffusers\models\unet_2d_blocks.py:339: FutureWarning: `AttnUpDecoderBlock2D` is deprecated and will be removed in version 0.29. Importing `AttnUpDecoderBlock2D` from `diffusers.models.unet_2d_blocks` is deprecated and this will be removed in a future version. Please use `from diffusers.models.unets.unet_2d_blocks import AttnUpDecoderBlock2D`, instead.
  deprecate("AttnUpDecoderBlock2D", "0.29", deprecation_message)
[2024-05-29 10:55] C:\Users\liuwei\AppData\Local\anaconda3\envs\tobaigc\lib\site-packages\diffusers\models\unet_2d_blocks.py:344: FutureWarning: `AttnSkipUpBlock2D` is deprecated and will be removed in version 0.29. Importing `AttnSkipUpBlock2D` from `diffusers.models.unet_2d_blocks` is deprecated and this will be removed in a future version. Please use `from diffusers.models.unets.unet_2d_blocks import AttnSkipUpBlock2D`, instead.
  deprecate("AttnSkipUpBlock2D", "0.29", deprecation_message)
[2024-05-29 10:55] C:\Users\liuwei\AppData\Local\anaconda3\envs\tobaigc\lib\site-packages\diffusers\models\unet_2d_blocks.py:349: FutureWarning: `SkipUpBlock2D` is deprecated and will be removed in version 0.29. Importing `SkipUpBlock2D` from `diffusers.models.unet_2d_blocks` is deprecated and this will be removed in a future version. Please use `from diffusers.models.unets.unet_2d_blocks import SkipUpBlock2D`, instead.
  deprecate("SkipUpBlock2D", "0.29", deprecation_message)
[2024-05-29 10:55] C:\Users\liuwei\AppData\Local\anaconda3\envs\tobaigc\lib\site-packages\diffusers\models\unet_2d_blocks.py:354: FutureWarning: `ResnetUpsampleBlock2D` is deprecated and will be removed in version 0.29. Importing `ResnetUpsampleBlock2D` from `diffusers.models.unet_2d_blocks` is deprecated and this will be removed in a future version. Please use `from diffusers.models.unets.unet_2d_blocks import ResnetUpsampleBlock2D`, instead.
  deprecate("ResnetUpsampleBlock2D", "0.29", deprecation_message)
[2024-05-29 10:55] C:\Users\liuwei\AppData\Local\anaconda3\envs\tobaigc\lib\site-packages\diffusers\models\unet_2d_blocks.py:359: FutureWarning: `SimpleCrossAttnUpBlock2D` is deprecated and will be removed in version 0.29. Importing `SimpleCrossAttnUpBlock2D` from `diffusers.models.unet_2d_blocks` is deprecated and this will be removed in a future version. Please use `from diffusers.models.unets.unet_2d_blocks import SimpleCrossAttnUpBlock2D`, instead.
  deprecate("SimpleCrossAttnUpBlock2D", "0.29", deprecation_message)
[2024-05-29 10:55] C:\Users\liuwei\AppData\Local\anaconda3\envs\tobaigc\lib\site-packages\diffusers\models\unet_2d_blocks.py:364: FutureWarning: `KUpBlock2D` is deprecated and will be removed in version 0.29. Importing `KUpBlock2D` from `diffusers.models.unet_2d_blocks` is deprecated and this will be removed in a future version. Please use `from diffusers.models.unets.unet_2d_blocks import KUpBlock2D`, instead.
  deprecate("KUpBlock2D", "0.29", deprecation_message)
[2024-05-29 10:55] C:\Users\liuwei\AppData\Local\anaconda3\envs\tobaigc\lib\site-packages\diffusers\models\unet_2d_blocks.py:369: FutureWarning: `KCrossAttnUpBlock2D` is deprecated and will be removed in version 0.29. Importing `KCrossAttnUpBlock2D` from `diffusers.models.unet_2d_blocks` is deprecated and this will be removed in a future version. Please use `from diffusers.models.unets.unet_2d_blocks import KCrossAttnUpBlock2D`, instead.
  deprecate("KCrossAttnUpBlock2D", "0.29", deprecation_message)
[2024-05-29 10:55] C:\Users\liuwei\AppData\Local\anaconda3\envs\tobaigc\lib\site-packages\diffusers\models\unet_2d_blocks.py:375: FutureWarning: `KAttentionBlock` is deprecated and will be removed in version 0.29. Importing `KAttentionBlock` from `diffusers.models.unet_2d_blocks` is deprecated and this will be removed in a future version. Please use `from diffusers.models.unets.unet_2d_blocks import KAttentionBlock`, instead.
  deprecate("KAttentionBlock", "0.29", deprecation_message)
[2024-05-29 10:55] ### Loading: ComfyUI-Manager (V2.27)
[2024-05-29 10:55] ### ComfyUI Revision: 2166 [c3341228] | Released on '2024-05-07'
[2024-05-29 10:55] [ComfyUI-Manager] default cache updated: https://raw.githubusercontent.com/ltdrdata/ComfyUI-Manager/main/alter-list.json
[2024-05-29 10:55] [ComfyUI-Manager] default cache updated: https://raw.githubusercontent.com/ltdrdata/ComfyUI-Manager/main/model-list.json
[2024-05-29 10:55] [ComfyUI-Manager] default cache updated: https://raw.githubusercontent.com/ltdrdata/ComfyUI-Manager/main/extension-node-map.json
[2024-05-29 10:55] [ComfyUI-Manager] default cache updated: https://raw.githubusercontent.com/ltdrdata/ComfyUI-Manager/main/custom-node-list.json
[2024-05-29 10:55] (pysssss:WD14Tagger) [DEBUG] Available ORT providers: TensorrtExecutionProvider, CUDAExecutionProvider, CPUExecutionProvider
[2024-05-29 10:55] (pysssss:WD14Tagger) [DEBUG] Using ORT providers: CUDAExecutionProvider, CPUExecutionProvider
[2024-05-29 10:55] (pysssss:WD14Tagger) [DEBUG] Available ORT providers: TensorrtExecutionProvider, CUDAExecutionProvider, CPUExecutionProvider
[2024-05-29 10:55] (pysssss:WD14Tagger) [DEBUG] Using ORT providers: CUDAExecutionProvider, CPUExecutionProvider
[2024-05-29 10:55] Exception ignored in: <function _ProactorBasePipeTransport.__del__ at 0x0000028E6F4C04C0>
[2024-05-29 10:55] Traceback (most recent call last):
[2024-05-29 10:55]   File "C:\Users\liuwei\AppData\Local\anaconda3\envs\tobaigc\lib\asyncio\proactor_events.py", line 116, in __del__
[2024-05-29 10:55]     self.close()
[2024-05-29 10:55]   File "C:\Users\liuwei\AppData\Local\anaconda3\envs\tobaigc\lib\asyncio\proactor_events.py", line 108, in close
[2024-05-29 10:55]     self._loop.call_soon(self._call_connection_lost, None)
[2024-05-29 10:55]   File "C:\Users\liuwei\AppData\Local\anaconda3\envs\tobaigc\lib\asyncio\base_events.py", line 751, in call_soon
[2024-05-29 10:55]     self._check_closed()
[2024-05-29 10:55]   File "C:\Users\liuwei\AppData\Local\anaconda3\envs\tobaigc\lib\asyncio\base_events.py", line 515, in _check_closed
[2024-05-29 10:55]     raise RuntimeError('Event loop is closed')
[2024-05-29 10:55] RuntimeError: Event loop is closed
[2024-05-29 10:55] Exception ignored in: <function _ProactorBasePipeTransport.__del__ at 0x0000028E6F4C04C0>
[2024-05-29 10:55] Traceback (most recent call last):
[2024-05-29 10:55]   File "C:\Users\liuwei\AppData\Local\anaconda3\envs\tobaigc\lib\asyncio\proactor_events.py", line 116, in __del__
[2024-05-29 10:55]     self.close()
[2024-05-29 10:55]   File "C:\Users\liuwei\AppData\Local\anaconda3\envs\tobaigc\lib\asyncio\proactor_events.py", line 108, in close
[2024-05-29 10:55]     self._loop.call_soon(self._call_connection_lost, None)
[2024-05-29 10:55]   File "C:\Users\liuwei\AppData\Local\anaconda3\envs\tobaigc\lib\asyncio\base_events.py", line 751, in call_soon
[2024-05-29 10:55]     self._check_closed()
[2024-05-29 10:55]   File "C:\Users\liuwei\AppData\Local\anaconda3\envs\tobaigc\lib\asyncio\base_events.py", line 515, in _check_closed
[2024-05-29 10:55]     raise RuntimeError('Event loop is closed')
[2024-05-29 10:55] RuntimeError: Event loop is closed
[2024-05-29 10:55] ------------------------------------------
[2024-05-29 10:55] [34mComfyroll Studio v1.76 : [92m 175 Nodes Loaded[0m
[2024-05-29 10:55] ------------------------------------------
[2024-05-29 10:55] ** For changes, please see patch notes at https://github.com/Suzie1/ComfyUI_Comfyroll_CustomNodes/blob/main/Patch_Notes.md
[2024-05-29 10:55] ** For help, please see the wiki at https://github.com/Suzie1/ComfyUI_Comfyroll_CustomNodes/wiki
[2024-05-29 10:55] ------------------------------------------
[2024-05-29 10:55] [36;20m[comfyui_controlnet_aux] | INFO -> Using ckpts path: F:\ComfyUI\custom_nodes\comfyui_controlnet_aux\ckpts[0m
[2024-05-29 10:55] [36;20m[comfyui_controlnet_aux] | INFO -> Using symlinks: False[0m
[2024-05-29 10:55] [36;20m[comfyui_controlnet_aux] | INFO -> Using ort providers: ['CUDAExecutionProvider', 'DirectMLExecutionProvider', 'OpenVINOExecutionProvider', 'ROCMExecutionProvider', 'CPUExecutionProvider', 'CoreMLExecutionProvider'][0m
[2024-05-29 10:55] DWPose: Onnxruntime with acceleration providers detected
[2024-05-29 10:55] Note: NumExpr detected 16 cores but "NUMEXPR_MAX_THREADS" not set, so enforcing safe limit of 8.
[2024-05-29 10:55] NumExpr defaulting to 8 threads.
[2024-05-29 10:55] [34mFizzleDorf Custom Nodes: [92mLoaded[0m
[2024-05-29 10:55] Traceback (most recent call last):
  File "f:\ComfyUI\nodes.py", line 1876, in load_custom_node
    module_spec.loader.exec_module(module)
  File "<frozen importlib._bootstrap_external>", line 850, in exec_module
  File "<frozen importlib._bootstrap>", line 228, in _call_with_frames_removed
  File "F:\ComfyUI\custom_nodes\Derfuu_ComfyUI_ModdedNodes\__init__.py", line 8, in <module>
    from .pyscripts.Nodes.Custom import Types as TypeNodes
  File "F:\ComfyUI\custom_nodes\Derfuu_ComfyUI_ModdedNodes\pyscripts\Nodes\Custom\Types.py", line 1, in <module>
    from ...components.fields import Field
  File "F:\ComfyUI\custom_nodes\Derfuu_ComfyUI_ModdedNodes\pyscripts\components\fields.py", line 12, in <module>
    class Field:
  File "F:\ComfyUI\custom_nodes\Derfuu_ComfyUI_ModdedNodes\pyscripts\components\fields.py", line 14, in Field
    def field(field: str | list, data: dict = None) -> tuple[str | list, dict] | tuple[str | list]:
TypeError: unsupported operand type(s) for |: 'type' and 'type'

[2024-05-29 10:55] Cannot import F:\ComfyUI\custom_nodes\Derfuu_ComfyUI_ModdedNodes module for custom nodes: unsupported operand type(s) for |: 'type' and 'type'
[2024-05-29 10:55] [36mEfficiency Nodes:[0m Attempting to add Control Net options to the 'HiRes-Fix Script' Node (comfyui_controlnet_aux add-on)...[92mSuccess![0m
[2024-05-29 10:55] [34mWAS Node Suite: [0mOpenCV Python FFMPEG support is enabled[0m
[2024-05-29 10:55] [34mWAS Node Suite [93mWarning: [0m`ffmpeg_bin_path` is not set in `F:\ComfyUI\custom_nodes\was-node-suite-comfyui\was_suite_config.json` config file. Will attempt to use system ffmpeg binaries if available.[0m
[2024-05-29 10:55] [34mWAS Node Suite: [0mFinished.[0m [32mLoaded[0m [0m211[0m [32mnodes successfully.[0m
[2024-05-29 10:55] 
	[3m[93m"Every artist was first an amateur."[0m[3m - Ralph Waldo Emerson[0m
[2024-05-29 10:55] 
[2024-05-29 10:55] 
Import times for custom nodes:
[2024-05-29 10:55]    0.0 seconds: F:\ComfyUI\custom_nodes\websocket_image_save.py
[2024-05-29 10:55]    0.0 seconds: F:\ComfyUI\custom_nodes\rembg-comfyui-node-better
[2024-05-29 10:55]    0.0 seconds: F:\ComfyUI\custom_nodes\rembg-comfyui-node
[2024-05-29 10:55]    0.0 seconds: F:\ComfyUI\custom_nodes\ComfyUI-Logic
[2024-05-29 10:55]    0.0 seconds: F:\ComfyUI\custom_nodes\cg-use-everywhere
[2024-05-29 10:55]    0.0 seconds: F:\ComfyUI\custom_nodes\ComfyUI-WD14-Tagger
[2024-05-29 10:55]    0.0 seconds: F:\ComfyUI\custom_nodes\ComfyUI-WD14-Tagger-Cache
[2024-05-29 10:55]    0.0 seconds: F:\ComfyUI\custom_nodes\ComfyLiterals
[2024-05-29 10:55]    0.0 seconds: F:\ComfyUI\custom_nodes\comfyui-animatediff
[2024-05-29 10:55]    0.0 seconds: F:\ComfyUI\custom_nodes\comfy-image-saver
[2024-05-29 10:55]    0.0 seconds (IMPORT FAILED): F:\ComfyUI\custom_nodes\Derfuu_ComfyUI_ModdedNodes
[2024-05-29 10:55]    0.0 seconds: F:\ComfyUI\custom_nodes\ComfyUI-Advanced-ControlNet
[2024-05-29 10:55]    0.0 seconds: F:\ComfyUI\custom_nodes\ComfyUI-Frame-Interpolation
[2024-05-29 10:55]    0.0 seconds: F:\ComfyUI\custom_nodes\comfyui-various
[2024-05-29 10:55]    0.0 seconds: F:\ComfyUI\custom_nodes\ComfyUI_UltimateSDUpscale
[2024-05-29 10:55]    0.0 seconds: F:\ComfyUI\custom_nodes\ComfyUI-AnimateDiff-Evolved
[2024-05-29 10:55]    0.0 seconds: F:\ComfyUI\custom_nodes\efficiency-nodes-comfyui
[2024-05-29 10:55]    0.0 seconds: F:\ComfyUI\custom_nodes\ComfyUI_essentials
[2024-05-29 10:55]    0.0 seconds: F:\ComfyUI\custom_nodes\OneButtonPrompt
[2024-05-29 10:55]    0.1 seconds: F:\ComfyUI\custom_nodes\comfyui_controlnet_aux
[2024-05-29 10:55]    0.2 seconds: F:\ComfyUI\custom_nodes\ComfyUI-layerdiffuse
[2024-05-29 10:55]    0.3 seconds: F:\ComfyUI\custom_nodes\ComfyUI-Manager
[2024-05-29 10:55]    0.3 seconds: F:\ComfyUI\custom_nodes\ComfyUI_Comfyroll_CustomNodes
[2024-05-29 10:55]    0.4 seconds: F:\ComfyUI\custom_nodes\ComfyUI_FizzNodes
[2024-05-29 10:55]    0.4 seconds: F:\ComfyUI\custom_nodes\comfyui_segment_anything
[2024-05-29 10:55]    0.5 seconds: F:\ComfyUI\custom_nodes\ComfyUI-VideoHelperSuite
[2024-05-29 10:55]    0.7 seconds: F:\ComfyUI\custom_nodes\batchImg-rembg-ComfyUI-nodes
[2024-05-29 10:55]    0.9 seconds: F:\ComfyUI\custom_nodes\luamoon
[2024-05-29 10:55]    2.5 seconds: F:\ComfyUI\custom_nodes\was-node-suite-comfyui
[2024-05-29 10:55] 
[2024-05-29 10:55] Starting server

[2024-05-29 10:55] To see the GUI go to: http://127.0.0.1:8188
[2024-05-29 10:56] Exception in callback _ProactorBasePipeTransport._call_connection_lost(None)
handle: <Handle _ProactorBasePipeTransport._call_connection_lost(None)>
Traceback (most recent call last):
  File "C:\Users\liuwei\AppData\Local\anaconda3\envs\tobaigc\lib\asyncio\events.py", line 80, in _run
    self._context.run(self._callback, *self._args)
  File "C:\Users\liuwei\AppData\Local\anaconda3\envs\tobaigc\lib\asyncio\proactor_events.py", line 162, in _call_connection_lost
    self._sock.shutdown(socket.SHUT_RDWR)
ConnectionResetError: [WinError 10054] è¿œç¨‹ä¸»æœºå¼ºè¿«å…³é—­äº†ä¸€ä¸ªçŽ°æœ‰çš„è¿žæŽ¥ã€‚
[2024-05-29 10:56] FETCH DATA from: F:\ComfyUI\custom_nodes\ComfyUI-Manager\extension-node-map.json
[2024-05-31 15:05] 
Stopped server
